<?xml version="1.0" encoding="UTF-8"?>
<!-- Generated by org.testng.reporters.JUnitXMLReporter -->
<testsuite ignored="0" hostname="RanjaniN" failures="0" tests="3" name="Default test" time="31.665" errors="0" timestamp="2023-07-16T18:24:06 IST">
  <testcase classname="com.goodreads.testdata.TC_Signin_Test" name="signinTest" time="8.873"/>
  <testcase classname="com.goodreads.testdata.TC_Signin_Test" name="searchTest" time="3.995"/>
  <testcase classname="com.goodreads.testdata.TC_Signin_Test" name="removeBook" time="8.555"/>
</testsuite> <!-- Default test -->
