<?xml version="1.0" encoding="UTF-8"?>
<testng-results ignored="0" total="3" passed="3" failed="0" skipped="0">
  <reporter-output>
  </reporter-output>
  <suite started-at="2023-07-16T18:23:35 IST" name="Default suite" finished-at="2023-07-16T18:24:06 IST" duration-ms="31665">
    <groups>
    </groups>
    <test started-at="2023-07-16T18:23:35 IST" name="Default test" finished-at="2023-07-16T18:24:06 IST" duration-ms="31665">
      <class name="com.goodreads.testdata.TC_Signin_Test">
        <test-method is-config="true" signature="setup()[pri:0, instance:com.goodreads.testdata.TC_Signin_Test@3fb6cf60]" started-at="2023-07-16T18:23:35 IST" name="setup" finished-at="2023-07-16T18:23:44 IST" duration-ms="9938" status="PASS">
          <reporter-output>
          </reporter-output>
        </test-method> <!-- setup -->
        <test-method signature="signinTest()[pri:1, instance:com.goodreads.testdata.TC_Signin_Test@3fb6cf60]" started-at="2023-07-16T18:23:45 IST" name="signinTest" finished-at="2023-07-16T18:23:53 IST" duration-ms="8873" status="PASS">
          <reporter-output>
          </reporter-output>
        </test-method> <!-- signinTest -->
        <test-method signature="searchTest()[pri:2, instance:com.goodreads.testdata.TC_Signin_Test@3fb6cf60]" started-at="2023-07-16T18:23:53 IST" name="searchTest" finished-at="2023-07-16T18:23:57 IST" duration-ms="3995" status="PASS">
          <reporter-output>
          </reporter-output>
        </test-method> <!-- searchTest -->
        <test-method signature="removeBook()[pri:3, instance:com.goodreads.testdata.TC_Signin_Test@3fb6cf60]" started-at="2023-07-16T18:23:57 IST" name="removeBook" finished-at="2023-07-16T18:24:06 IST" duration-ms="8555" status="PASS">
          <reporter-output>
          </reporter-output>
        </test-method> <!-- removeBook -->
        <test-method is-config="true" signature="quit()[pri:0, instance:com.goodreads.testdata.TC_Signin_Test@3fb6cf60]" started-at="2023-07-16T18:24:06 IST" name="quit" finished-at="2023-07-16T18:24:06 IST" duration-ms="264" status="PASS">
          <reporter-output>
          </reporter-output>
        </test-method> <!-- quit -->
      </class> <!-- com.goodreads.testdata.TC_Signin_Test -->
    </test> <!-- Default test -->
  </suite> <!-- Default suite -->
</testng-results>
